app/build/outputs/logs/manifest-merger-debug-report.txt
-- Merging decision tree log ---
manifest
ADDED from src/main/AndroidManifest.xml:2:1-60:12
	xmlns:tools
		ADDED from src/main/AndroidManifest.xml:3:5-51
	xmlns:android
		ADDED from src/main/AndroidManifest.xml:2:11-69
	package
		ADDED from src/main/AndroidManifest.xml:4:5-39
		INJECTED from src/main/AndroidManifest.xml
		INJECTED from src/main/AndroidManifest.xml
	android:versionName
		INJECTED from src/main/AndroidManifest.xml
		INJECTED from src/main/AndroidManifest.xml
	android:versionCode
		INJECTED from src/main/AndroidManifest.xml
		INJECTED from src/main/AndroidManifest.xml
uses-sdk
ADDED from src/main/AndroidManifest.xml:6:5-8:41
MERGED from [com.android.support:appcompat-v7:23.1.1] AndroidManifest.xml:20:5-43
MERGED from [com.android.support:support-v4:23.1.1] AndroidManifest.xml:20:5-43
	android:targetSdkVersion
		ADDED from src/main/AndroidManifest.xml:8:9-38
		INJECTED from src/main/AndroidManifest.xml
		INJECTED from src/main/AndroidManifest.xml
	android:minSdkVersion
		ADDED from src/main/AndroidManifest.xml:7:9-35
		INJECTED from src/main/AndroidManifest.xml
		INJECTED from src/main/AndroidManifest.xml
uses-permission#android.permission.VIBRATE
ADDED from src/main/AndroidManifest.xml:10:5-66
	android:name
		ADDED from src/main/AndroidManifest.xml:10:22-63
uses-permission#android.permission.WRITE_EXTERNAL_STORAGE
ADDED from src/main/AndroidManifest.xml:11:5-81
	android:name
		ADDED from src/main/AndroidManifest.xml:11:22-78
uses-permission#android.permission.READ_PHONE_STATE
ADDED from src/main/AndroidManifest.xml:12:5-75
	android:name
		ADDED from src/main/AndroidManifest.xml:12:22-72
uses-permission#android.permission.READ_EXTERNAL_STORAGE
ADDED from src/main/AndroidManifest.xml:13:5-80
	android:name
		ADDED from src/main/AndroidManifest.xml:13:22-77
uses-permission#android.permission.WAKE_LOCK
ADDED from src/main/AndroidManifest.xml:14:5-68
	android:name
		ADDED from src/main/AndroidManifest.xml:14:22-65
uses-permission#android.permission.RECEIVE_BOOT_COMPLETED
ADDED from src/main/AndroidManifest.xml:15:5-81
	android:name
		ADDED from src/main/AndroidManifest.xml:15:22-78
application
ADDED from src/main/AndroidManifest.xml:17:5-58:19
MERGED from [com.android.support:appcompat-v7:23.1.1] AndroidManifest.xml:22:5-20
MERGED from [com.android.support:support-v4:23.1.1] AndroidManifest.xml:22:5-20
	android:supportsRtl
		ADDED from src/main/AndroidManifest.xml:22:9-35
	android:label
		ADDED from src/main/AndroidManifest.xml:21:9-41
	android:debuggable
		ADDED from src/main/AndroidManifest.xml:19:9-34
	android:allowBackup
		ADDED from src/main/AndroidManifest.xml:18:9-35
	android:icon
		ADDED from src/main/AndroidManifest.xml:20:9-43
	android:theme
		ADDED from src/main/AndroidManifest.xml:23:9-40
	tools:ignore
		ADDED from src/main/AndroidManifest.xml:24:9-42
service#com.eo.dilan.studyoclock.AlarmService
ADDED from src/main/AndroidManifest.xml:25:9-57
	android:name
		ADDED from src/main/AndroidManifest.xml:25:18-46
service#com.eo.dilan.studyoclock.RestartService
ADDED from src/main/AndroidManifest.xml:26:9-59
	android:name
		ADDED from src/main/AndroidManifest.xml:26:18-48
receiver#com.eo.dilan.studyoclock.RebootReceiver
ADDED from src/main/AndroidManifest.xml:28:9-35:20
	android:exported
		ADDED from src/main/AndroidManifest.xml:31:13-36
	android:enabled
		ADDED from src/main/AndroidManifest.xml:30:13-35
	android:name
		ADDED from src/main/AndroidManifest.xml:29:13-43
intent-filter#android.intent.action.BOOT_COMPLETED
ADDED from src/main/AndroidManifest.xml:32:13-34:29
action#android.intent.action.BOOT_COMPLETED
ADDED from src/main/AndroidManifest.xml:33:17-79
	android:name
		ADDED from src/main/AndroidManifest.xml:33:25-76
receiver#com.eo.dilan.studyoclock.AlarmReceiver
ADDED from src/main/AndroidManifest.xml:36:9-38:38
	android:enabled
		ADDED from src/main/AndroidManifest.xml:38:13-35
	android:name
		ADDED from src/main/AndroidManifest.xml:37:13-42
activity#com.eo.dilan.studyoclock.MainActivity
ADDED from src/main/AndroidManifest.xml:40:9-51:20
	android:screenOrientation
		ADDED from src/main/AndroidManifest.xml:44:13-50
	android:label
		ADDED from src/main/AndroidManifest.xml:43:13-45
	android:configChanges
		ADDED from src/main/AndroidManifest.xml:42:13-48
	android:theme
		ADDED from src/main/AndroidManifest.xml:45:13-56
	android:name
		ADDED from src/main/AndroidManifest.xml:41:13-41
intent-filter#android.intent.action.MAIN+android.intent.category.LAUNCHER
ADDED from src/main/AndroidManifest.xml:46:13-50:29
action#android.intent.action.MAIN
ADDED from src/main/AndroidManifest.xml:47:17-69
	android:name
		ADDED from src/main/AndroidManifest.xml:47:25-66
category#android.intent.category.LAUNCHER
ADDED from src/main/AndroidManifest.xml:49:17-77
	android:name
		ADDED from src/main/AndroidManifest.xml:49:27-74
activity#com.eo.dilan.studyoclock.QuestionActivity
ADDED from src/main/AndroidManifest.xml:52:9-54
	android:name
		ADDED from src/main/AndroidManifest.xml:52:19-51
activity#com.eo.dilan.studyoclock.AddQuestionActivity
ADDED from src/main/AndroidManifest.xml:53:9-66
	android:name
		ADDED from src/main/AndroidManifest.xml:53:19-54
activity#com.eo.dilan.studyoclock.AlarmActivity
ADDED from src/main/AndroidManifest.xml:54:9-60
	android:name
		ADDED from src/main/AndroidManifest.xml:54:19-48
activity#com.eo.dilan.studyoclock.AllQuestionsActivity
ADDED from src/main/AndroidManifest.xml:55:9-67
	android:name
		ADDED from src/main/AndroidManifest.xml:55:19-55
activity#com.eo.dilan.studyoclock.SettingsActivity
ADDED from src/main/AndroidManifest.xml:56:9-63
	android:name
		ADDED from src/main/AndroidManifest.xml:56:19-51
activity#com.eo.dilan.studyoclock.ScoreActivity
ADDED from src/main/AndroidManifest.xml:57:9-60
	android:name
		ADDED from src/main/AndroidManifest.xml:57:19-48